cycle: 0
1950-01-01
wait:  1 sec, for times: 0
1950-01-01
wait:  1 sec, for times: 1
1950-01-01
wait:  1 sec, for times: 2
1950-01-01
wait:  1 sec, for times: 3
1950-01-01
wait:  1 sec, for times: 4
1950-01-01
wait:  1 sec, for times: 5
1950-01-01
wait:  1 sec, for times: 6
1950-01-01
wait:  1 sec, for times: 7
1950-01-01
wait:  1 sec, for times: 8
1950-01-01
wait:  1 sec, for times: 9
1950-01-01
wait:  1 sec, for times: 10
1950-01-01
wait:  1 sec, for times: 11
all 24 files in:
fout: /cpc/nidis/ufsland/uldas/output//ufs_land_output.1950-01-01.nc
deleting...
1950-01-02
wait:  1 sec, for times: 0
1950-01-02
wait:  1 sec, for times: 1
1950-01-02
wait:  1 sec, for times: 2
1950-01-02
wait:  1 sec, for times: 3
1950-01-02
wait:  1 sec, for times: 4
1950-01-02
wait:  1 sec, for times: 5
1950-01-02
wait:  1 sec, for times: 6
1950-01-02
wait:  1 sec, for times: 7
1950-01-02
wait:  1 sec, for times: 8
1950-01-02
wait:  1 sec, for times: 9
1950-01-02
wait:  1 sec, for times: 10
1950-01-02
wait:  1 sec, for times: 11
1950-01-02
wait:  1 sec, for times: 12
1950-01-02
wait:  1 sec, for times: 13
1950-01-02
wait:  1 sec, for times: 14
1950-01-02
wait:  1 sec, for times: 15
1950-01-02
wait:  1 sec, for times: 16
1950-01-02
wait:  1 sec, for times: 17
1950-01-02
wait:  1 sec, for times: 18
1950-01-02
wait:  1 sec, for times: 19
1950-01-02
wait:  1 sec, for times: 20
1950-01-02
wait:  1 sec, for times: 21
1950-01-02
wait:  1 sec, for times: 22
all 24 files in:
fout: /cpc/nidis/ufsland/uldas/output//ufs_land_output.1950-01-02.nc
deleting...
1950-01-03
wait:  1 sec, for times: 0
1950-01-03
wait:  1 sec, for times: 1
1950-01-03
wait:  1 sec, for times: 2
1950-01-03
wait:  1 sec, for times: 3
1950-01-03
wait:  1 sec, for times: 4
1950-01-03
wait:  1 sec, for times: 5
1950-01-03
wait:  1 sec, for times: 6
1950-01-03
wait:  1 sec, for times: 7
1950-01-03
wait:  1 sec, for times: 8
1950-01-03
wait:  1 sec, for times: 9
1950-01-03
wait:  1 sec, for times: 10
1950-01-03
wait:  1 sec, for times: 11
1950-01-03
wait:  1 sec, for times: 12
1950-01-03
wait:  1 sec, for times: 13
1950-01-03
wait:  1 sec, for times: 14
1950-01-03
wait:  1 sec, for times: 15
1950-01-03
wait:  1 sec, for times: 16
1950-01-03
wait:  1 sec, for times: 17
1950-01-03
wait:  1 sec, for times: 18
1950-01-03
wait:  1 sec, for times: 19
1950-01-03
wait:  1 sec, for times: 20
1950-01-03
wait:  1 sec, for times: 21
1950-01-03
wait:  1 sec, for times: 22
1950-01-03
wait:  1 sec, for times: 23
1950-01-03
wait:  1 sec, for times: 24
1950-01-03
wait:  1 sec, for times: 25
all 24 files in:
fout: /cpc/nidis/ufsland/uldas/output//ufs_land_output.1950-01-03.nc
deleting...
1950-01-04
wait:  1 sec, for times: 0
1950-01-04
wait:  1 sec, for times: 1
1950-01-04
wait:  1 sec, for times: 2
1950-01-04
wait:  1 sec, for times: 3
1950-01-04
wait:  1 sec, for times: 4
1950-01-04
wait:  1 sec, for times: 5
1950-01-04
wait:  1 sec, for times: 6
1950-01-04
wait:  1 sec, for times: 7
1950-01-04
wait:  1 sec, for times: 8
1950-01-04
wait:  1 sec, for times: 9
1950-01-04
wait:  1 sec, for times: 10
1950-01-04
wait:  1 sec, for times: 11
1950-01-04
wait:  1 sec, for times: 12
1950-01-04
wait:  1 sec, for times: 13
1950-01-04
wait:  1 sec, for times: 14
1950-01-04
wait:  1 sec, for times: 15
1950-01-04
wait:  1 sec, for times: 16
1950-01-04
wait:  1 sec, for times: 17
1950-01-04
wait:  1 sec, for times: 18
1950-01-04
wait:  1 sec, for times: 19
1950-01-04
wait:  1 sec, for times: 20
1950-01-04
wait:  1 sec, for times: 21
1950-01-04
wait:  1 sec, for times: 22
1950-01-04
wait:  1 sec, for times: 23
1950-01-04
wait:  1 sec, for times: 24
1950-01-04
wait:  1 sec, for times: 25
all 24 files in:
fout: /cpc/nidis/ufsland/uldas/output//ufs_land_output.1950-01-04.nc
deleting...
cycle: 1
cycle: 2
cycle: 3
cycle: 4
cycle: 5
cycle: 6
cycle: 7
cycle: 8
cycle: 9
